::1 - - [Sat, 12 Jun 2021 22:48:50 GMT] "GET /employee HTTP/1.1" 304 - "-" "Mozilla/5.0 (Windows NT 10.0; Win64; x64) AppleWebKit/537.36 (KHTML, like Gecko) Chrome/91.0.4472.101 Safari/537.36"
::1 - - [Sat, 12 Jun 2021 22:48:51 GMT] "GET /employee HTTP/1.1" 304 - "-" "Mozilla/5.0 (Windows NT 10.0; Win64; x64) AppleWebKit/537.36 (KHTML, like Gecko) Chrome/91.0.4472.101 Safari/537.36"
::1 - - [Sat, 12 Jun 2021 22:48:51 GMT] "GET /employee HTTP/1.1" 304 - "-" "Mozilla/5.0 (Windows NT 10.0; Win64; x64) AppleWebKit/537.36 (KHTML, like Gecko) Chrome/91.0.4472.101 Safari/537.36"
::1 - - [Sat, 12 Jun 2021 22:50:22 GMT] "POST /employee HTTP/1.1" 200 61 "-" "PostmanRuntime/7.28.0"
::1 - - [Sun, 13 Jun 2021 04:25:45 GMT] "POST /employee HTTP/1.1" 200 61 "-" "PostmanRuntime/7.28.0"
::1 - - [Sun, 13 Jun 2021 07:08:55 GMT] "POST /employee HTTP/1.1" 200 61 "-" "PostmanRuntime/7.28.0"
::1 - - [Sun, 13 Jun 2021 08:10:26 GMT] "GET /api-docs/ HTTP/1.1" 304 - "-" "Mozilla/5.0 (Windows NT 10.0; Win64; x64) AppleWebKit/537.36 (KHTML, like Gecko) Chrome/91.0.4472.101 Safari/537.36"
::1 - - [Sun, 13 Jun 2021 08:10:26 GMT] "GET /api-docs/swagger-ui.css HTTP/1.1" 304 - "http://localhost:8080/api-docs/" "Mozilla/5.0 (Windows NT 10.0; Win64; x64) AppleWebKit/537.36 (KHTML, like Gecko) Chrome/91.0.4472.101 Safari/537.36"
::1 - - [Sun, 13 Jun 2021 08:10:26 GMT] "GET /api-docs/swagger-ui-init.js HTTP/1.1" 200 6068 "http://localhost:8080/api-docs/" "Mozilla/5.0 (Windows NT 10.0; Win64; x64) AppleWebKit/537.36 (KHTML, like Gecko) Chrome/91.0.4472.101 Safari/537.36"
::1 - - [Sun, 13 Jun 2021 08:10:26 GMT] "GET /api-docs/swagger-ui-bundle.js HTTP/1.1" 304 - "http://localhost:8080/api-docs/" "Mozilla/5.0 (Windows NT 10.0; Win64; x64) AppleWebKit/537.36 (KHTML, like Gecko) Chrome/91.0.4472.101 Safari/537.36"
::1 - - [Sun, 13 Jun 2021 08:10:26 GMT] "GET /api-docs/swagger-ui-standalone-preset.js HTTP/1.1" 304 - "http://localhost:8080/api-docs/" "Mozilla/5.0 (Windows NT 10.0; Win64; x64) AppleWebKit/537.36 (KHTML, like Gecko) Chrome/91.0.4472.101 Safari/537.36"
::1 - - [Sun, 13 Jun 2021 08:15:37 GMT] "GET /api-docs/ HTTP/1.1" 304 - "-" "Mozilla/5.0 (Windows NT 10.0; Win64; x64) AppleWebKit/537.36 (KHTML, like Gecko) Chrome/91.0.4472.101 Safari/537.36"
::1 - - [Sun, 13 Jun 2021 08:15:37 GMT] "GET /api-docs/swagger-ui-init.js HTTP/1.1" 304 - "http://localhost:8080/api-docs/" "Mozilla/5.0 (Windows NT 10.0; Win64; x64) AppleWebKit/537.36 (KHTML, like Gecko) Chrome/91.0.4472.101 Safari/537.36"
::1 - - [Sun, 13 Jun 2021 08:15:37 GMT] "GET /api-docs/swagger-ui.css HTTP/1.1" 304 - "http://localhost:8080/api-docs/" "Mozilla/5.0 (Windows NT 10.0; Win64; x64) AppleWebKit/537.36 (KHTML, like Gecko) Chrome/91.0.4472.101 Safari/537.36"
::1 - - [Sun, 13 Jun 2021 08:15:37 GMT] "GET /api-docs/swagger-ui-bundle.js HTTP/1.1" 304 - "http://localhost:8080/api-docs/" "Mozilla/5.0 (Windows NT 10.0; Win64; x64) AppleWebKit/537.36 (KHTML, like Gecko) Chrome/91.0.4472.101 Safari/537.36"
::1 - - [Sun, 13 Jun 2021 08:15:37 GMT] "GET /api-docs/swagger-ui-standalone-preset.js HTTP/1.1" 304 - "http://localhost:8080/api-docs/" "Mozilla/5.0 (Windows NT 10.0; Win64; x64) AppleWebKit/537.36 (KHTML, like Gecko) Chrome/91.0.4472.101 Safari/537.36"
::1 - - [Sun, 13 Jun 2021 08:16:25 GMT] "GET /employee HTTP/1.1" - - "-" "Mozilla/5.0 (Windows NT 10.0; Win64; x64) AppleWebKit/537.36 (KHTML, like Gecko) Chrome/91.0.4472.101 Safari/537.36"
::1 - - [Sun, 13 Jun 2021 08:16:25 GMT] "GET /api-docs/ HTTP/1.1" 304 - "-" "Mozilla/5.0 (Windows NT 10.0; Win64; x64) AppleWebKit/537.36 (KHTML, like Gecko) Chrome/91.0.4472.101 Safari/537.36"
::1 - - [Sun, 13 Jun 2021 08:16:25 GMT] "GET /api-docs/swagger-ui.css HTTP/1.1" 304 - "http://localhost:8080/api-docs/" "Mozilla/5.0 (Windows NT 10.0; Win64; x64) AppleWebKit/537.36 (KHTML, like Gecko) Chrome/91.0.4472.101 Safari/537.36"
::1 - - [Sun, 13 Jun 2021 08:16:25 GMT] "GET /api-docs/swagger-ui-standalone-preset.js HTTP/1.1" 304 - "http://localhost:8080/api-docs/" "Mozilla/5.0 (Windows NT 10.0; Win64; x64) AppleWebKit/537.36 (KHTML, like Gecko) Chrome/91.0.4472.101 Safari/537.36"
::1 - - [Sun, 13 Jun 2021 08:16:25 GMT] "GET /api-docs/swagger-ui-init.js HTTP/1.1" 304 - "http://localhost:8080/api-docs/" "Mozilla/5.0 (Windows NT 10.0; Win64; x64) AppleWebKit/537.36 (KHTML, like Gecko) Chrome/91.0.4472.101 Safari/537.36"
::1 - - [Sun, 13 Jun 2021 08:16:25 GMT] "GET /api-docs/swagger-ui-bundle.js HTTP/1.1" 304 - "http://localhost:8080/api-docs/" "Mozilla/5.0 (Windows NT 10.0; Win64; x64) AppleWebKit/537.36 (KHTML, like Gecko) Chrome/91.0.4472.101 Safari/537.36"
::1 - - [Sun, 13 Jun 2021 08:16:25 GMT] "GET /api-docs/favicon-32x32.png HTTP/1.1" 200 628 "http://localhost:8080/api-docs/" "Mozilla/5.0 (Windows NT 10.0; Win64; x64) AppleWebKit/537.36 (KHTML, like Gecko) Chrome/91.0.4472.101 Safari/537.36"
::1 - - [Sun, 13 Jun 2021 08:16:29 GMT] "GET / HTTP/1.1" 404 139 "-" "Mozilla/5.0 (Windows NT 10.0; Win64; x64) AppleWebKit/537.36 (KHTML, like Gecko) Chrome/91.0.4472.101 Safari/537.36"
::1 - - [Sun, 13 Jun 2021 08:17:55 GMT] "GET /employee HTTP/1.1" - - "-" "Mozilla/5.0 (Windows NT 10.0; Win64; x64) AppleWebKit/537.36 (KHTML, like Gecko) Chrome/91.0.4472.101 Safari/537.36"
::1 - - [Sun, 13 Jun 2021 08:22:30 GMT] "GET /employee/post HTTP/1.1" 404 152 "-" "Mozilla/5.0 (Windows NT 10.0; Win64; x64) AppleWebKit/537.36 (KHTML, like Gecko) Chrome/91.0.4472.101 Safari/537.36"
::1 - - [Sun, 13 Jun 2021 08:22:43 GMT] "GET /api-docs/ HTTP/1.1" 304 - "-" "Mozilla/5.0 (Windows NT 10.0; Win64; x64) AppleWebKit/537.36 (KHTML, like Gecko) Chrome/91.0.4472.101 Safari/537.36"
::1 - - [Sun, 13 Jun 2021 08:22:43 GMT] "GET /api-docs/swagger-ui.css HTTP/1.1" 304 - "http://localhost:8080/api-docs/" "Mozilla/5.0 (Windows NT 10.0; Win64; x64) AppleWebKit/537.36 (KHTML, like Gecko) Chrome/91.0.4472.101 Safari/537.36"
::1 - - [Sun, 13 Jun 2021 08:22:43 GMT] "GET /api-docs/swagger-ui-standalone-preset.js HTTP/1.1" 304 - "http://localhost:8080/api-docs/" "Mozilla/5.0 (Windows NT 10.0; Win64; x64) AppleWebKit/537.36 (KHTML, like Gecko) Chrome/91.0.4472.101 Safari/537.36"
::1 - - [Sun, 13 Jun 2021 08:22:43 GMT] "GET /api-docs/swagger-ui-init.js HTTP/1.1" 304 - "http://localhost:8080/api-docs/" "Mozilla/5.0 (Windows NT 10.0; Win64; x64) AppleWebKit/537.36 (KHTML, like Gecko) Chrome/91.0.4472.101 Safari/537.36"
::1 - - [Sun, 13 Jun 2021 08:22:43 GMT] "GET /api-docs/swagger-ui-bundle.js HTTP/1.1" 304 - "http://localhost:8080/api-docs/" "Mozilla/5.0 (Windows NT 10.0; Win64; x64) AppleWebKit/537.36 (KHTML, like Gecko) Chrome/91.0.4472.101 Safari/537.36"
::1 - - [Sun, 13 Jun 2021 08:25:49 GMT] "GET /api-docs/ HTTP/1.1" 304 - "-" "Mozilla/5.0 (Windows NT 10.0; Win64; x64) AppleWebKit/537.36 (KHTML, like Gecko) Chrome/91.0.4472.101 Safari/537.36"
::1 - - [Sun, 13 Jun 2021 08:25:49 GMT] "GET /api-docs/swagger-ui.css HTTP/1.1" 304 - "http://localhost:8080/api-docs/" "Mozilla/5.0 (Windows NT 10.0; Win64; x64) AppleWebKit/537.36 (KHTML, like Gecko) Chrome/91.0.4472.101 Safari/537.36"
::1 - - [Sun, 13 Jun 2021 08:25:49 GMT] "GET /api-docs/swagger-ui-bundle.js HTTP/1.1" 304 - "http://localhost:8080/api-docs/" "Mozilla/5.0 (Windows NT 10.0; Win64; x64) AppleWebKit/537.36 (KHTML, like Gecko) Chrome/91.0.4472.101 Safari/537.36"
::1 - - [Mon, 14 Jun 2021 00:51:19 GMT] "DELETE /employee/2020 HTTP/1.1" 200 - "http://localhost:8811/api-docs/" "Mozilla/5.0 (Windows NT 10.0; Win64; x64) AppleWebKit/537.36 (KHTML, like Gecko) Chrome/91.0.4472.101 Safari/537.36"
::1 - - [Mon, 14 Jun 2021 00:56:16 GMT] "GET /employee/html HTTP/1.1" 304 - "-" "Mozilla/5.0 (Windows NT 10.0; Win64; x64) AppleWebKit/537.36 (KHTML, like Gecko) Chrome/91.0.4472.101 Safari/537.36"
::1 - - [Mon, 14 Jun 2021 00:56:20 GMT] "GET /employee? HTTP/1.1" 500 487 "http://localhost:8811/employee/html" "Mozilla/5.0 (Windows NT 10.0; Win64; x64) AppleWebKit/537.36 (KHTML, like Gecko) Chrome/91.0.4472.101 Safari/537.36"
::1 - - [Mon, 14 Jun 2021 00:57:04 GMT] "GET /employee? HTTP/1.1" 500 - "http://localhost:8811/employee/html" "Mozilla/5.0 (Windows NT 10.0; Win64; x64) AppleWebKit/537.36 (KHTML, like Gecko) Chrome/91.0.4472.101 Safari/537.36"
::1 - - [Mon, 14 Jun 2021 00:57:52 GMT] "GET /employee? HTTP/1.1" 200 487 "http://localhost:8811/employee/html" "Mozilla/5.0 (Windows NT 10.0; Win64; x64) AppleWebKit/537.36 (KHTML, like Gecko) Chrome/91.0.4472.101 Safari/537.36"
::1 - - [Mon, 14 Jun 2021 00:57:55 GMT] "GET /employee? HTTP/1.1" 304 - "http://localhost:8811/employee/html" "Mozilla/5.0 (Windows NT 10.0; Win64; x64) AppleWebKit/537.36 (KHTML, like Gecko) Chrome/91.0.4472.101 Safari/537.36"
::1 - - [Mon, 14 Jun 2021 00:58:11 GMT] "GET /employee? HTTP/1.1" 500 - "http://localhost:8811/employee/html" "Mozilla/5.0 (Windows NT 10.0; Win64; x64) AppleWebKit/537.36 (KHTML, like Gecko) Chrome/91.0.4472.101 Safari/537.36"
